0 info it worked if it ends with ok
1 verbose cli [ 'C:\\Program Files\\nodejs\\node.exe',
1 verbose cli   'C:\\Users\\matthieu.villard\\AppData\\Roaming\\npm\\node_modules\\npm\\bin\\npm-cli.js',
1 verbose cli   'start' ]
2 info using npm@3.10.9
3 info using node@v7.0.0
4 verbose run-script [ 'prestart', 'start', 'poststart' ]
5 info lifecycle github-explorer@0.0.1~prestart: github-explorer@0.0.1
6 silly lifecycle github-explorer@0.0.1~prestart: no script for prestart, continuing
7 info lifecycle github-explorer@0.0.1~start: github-explorer@0.0.1
8 verbose lifecycle github-explorer@0.0.1~start: unsafe-perm in lifecycle true
9 verbose lifecycle github-explorer@0.0.1~start: PATH: C:\Users\matthieu.villard\AppData\Roaming\npm\node_modules\npm\bin\node-gyp-bin;C:\Users\matthieu.villard\Documents\GitHub\TWEB-Bootcamp\node_modules\.bin;C:\Program Files\Docker\Docker\Resources\bin;C:\Python27\;C:\Python27\Scripts;C:\Program Files (x86)\Intel\iCLS Client\;C:\Program Files\Intel\iCLS Client\;C:\Program Files\Java\jdk1.8.0_71\bin;C:\ProgramData\Oracle\Java\javapath;C:\WINDOWS\system32;C:\WINDOWS;C:\WINDOWS\System32\Wbem;C:\WINDOWS\System32\WindowsPowerShell\v1.0\;C:\Program Files (x86)\ATI Technologies\ATI.ACE\Core-Static;C:\wamp\bin\php\php5.5.12;C:\Program Files\Microsoft SQL Server\110\Tools\Binn\;C:\Program Files (x86)\AMD\ATI.ACE\Core-Static;C:\Program Files (x86)\Intel\Intel(R) Management Engine Components\DAL;C:\Program Files\Intel\Intel(R) Management Engine Components\DAL;C:\Program Files (x86)\Intel\Intel(R) Management Engine Components\IPT;C:\Program Files\Intel\Intel(R) Management Engine Components\IPT;C:\Program Files (x86)\MySQL\MySQL Fabric 1.5.4^& MySQL Utilities 1.5.4 1.5\;C:\Program Files (x86)\MySQL\MySQL Fabric 1.5.4^& MySQL Utilities 1.5.4 1.5\Doctrine extensions for PHP\;C:\Program Files (x86)\MiKTeX 2.9\miktex\bin\;C:\ProgramData\ComposerSetup\bin;C:\WINDOWS\system32;C:\WINDOWS;C:\WINDOWS\System32\Wbem;C:\WINDOWS\System32\WindowsPowerShell\v1.0\;C:\sqlite;C:\Program Files (x86)\Skype\Phone\;C:\Users\matthieu.villard\.dnx\bin;C:\Program Files\Microsoft DNX\Dnvm\;C:\aircrack-ng-1.2-rc4-win\bin\32bit;C:\Program Files (x86)\Common Files\Acronis\SnapAPI\;C:\HashiCorp\Vagrant\bin;C:\Program Files (x86)\Heroku\bin;C:\Program Files (x86)\Git\cmd;C:\Program Files\Intel\WiFi\bin\;C:\Program Files\Common Files\Intel\WirelessCommon\;C:\Program Files\nodejs\;C:\Ruby23-x64\bin;C:\Program Files (x86)\MiKTeX\miktex\bin\;c:\Program Files\Intel\WiFi\bin\;C:\Program Files\MySQL\MySQL Server 5.7\bin;c:\Program Files\Common Files\Intel\WirelessCommon\;C:\eclipse\apache-maven-3.3.9\bin;"C:\Program Files\mingw-w64\x86_64-5.3.0-posix-seh-rt_v4-rev0\mingw64\bin";C:\Program Files\Docker Toolbox;C:\Users\matthieu.villard\AppData\Local\Microsoft\WindowsApps;C:\Program Files\Intel\WiFi\bin\;C:\Program Files\Common Files\Intel\WirelessCommon\;C:\Users\matthieu.villard\AppData\Roaming\npm;C:\Program Files (x86)\Microsoft VS Code\bin
10 verbose lifecycle github-explorer@0.0.1~start: CWD: C:\Users\matthieu.villard\Documents\GitHub\TWEB-Bootcamp
11 silly lifecycle github-explorer@0.0.1~start: Args: [ '/d /s /c', 'node index.js' ]
12 silly lifecycle github-explorer@0.0.1~start: Returned: code: 3221225786  signal: null
13 info lifecycle github-explorer@0.0.1~start: Failed to exec start script
14 verbose stack Error: github-explorer@0.0.1 start: `node index.js`
14 verbose stack Exit status 3221225786
14 verbose stack     at EventEmitter.<anonymous> (C:\Users\matthieu.villard\AppData\Roaming\npm\node_modules\npm\lib\utils\lifecycle.js:255:16)
14 verbose stack     at emitTwo (events.js:106:13)
14 verbose stack     at EventEmitter.emit (events.js:191:7)
14 verbose stack     at ChildProcess.<anonymous> (C:\Users\matthieu.villard\AppData\Roaming\npm\node_modules\npm\lib\utils\spawn.js:40:14)
14 verbose stack     at emitTwo (events.js:106:13)
14 verbose stack     at ChildProcess.emit (events.js:191:7)
14 verbose stack     at maybeClose (internal/child_process.js:877:16)
14 verbose stack     at Process.ChildProcess._handle.onexit (internal/child_process.js:226:5)
15 verbose pkgid github-explorer@0.0.1
16 verbose cwd C:\Users\matthieu.villard\Documents\GitHub\TWEB-Bootcamp
17 error Windows_NT 10.0.14393
18 error argv "C:\\Program Files\\nodejs\\node.exe" "C:\\Users\\matthieu.villard\\AppData\\Roaming\\npm\\node_modules\\npm\\bin\\npm-cli.js" "start"
19 error node v7.0.0
20 error npm  v3.10.9
21 error code ELIFECYCLE
22 error github-explorer@0.0.1 start: `node index.js`
22 error Exit status 3221225786
23 error Failed at the github-explorer@0.0.1 start script 'node index.js'.
23 error Make sure you have the latest version of node.js and npm installed.
23 error If you do, this is most likely a problem with the github-explorer package,
23 error not with npm itself.
23 error Tell the author that this fails on your system:
23 error     node index.js
23 error You can get information on how to open an issue for this project with:
23 error     npm bugs github-explorer
23 error Or if that isn't available, you can get their info via:
23 error     npm owner ls github-explorer
23 error There is likely additional logging output above.
24 verbose exit [ 1, true ]
